2026-04-23 19:53:55,994 - german | paper | SMOTE:False | Focal:False | Fold 1 Acc: 0.7600
2026-04-23 19:53:56,847 - german | paper | SMOTE:False | Focal:False | Fold 2 Acc: 0.8300
2026-04-23 19:53:57,701 - german | paper | SMOTE:False | Focal:False | Fold 3 Acc: 0.7500
2026-04-23 19:53:58,631 - german | paper | SMOTE:False | Focal:False | Fold 4 Acc: 0.7500
2026-04-23 19:53:59,566 - german | paper | SMOTE:False | Focal:False | Fold 5 Acc: 0.7800
2026-04-23 19:54:00,492 - german | paper | SMOTE:False | Focal:False | Fold 6 Acc: 0.7200
2026-04-23 19:54:01,306 - german | paper | SMOTE:False | Focal:False | Fold 7 Acc: 0.7600
2026-04-23 19:54:02,164 - german | paper | SMOTE:False | Focal:False | Fold 8 Acc: 0.7900
2026-04-23 19:54:03,085 - german | paper | SMOTE:False | Focal:False | Fold 9 Acc: 0.8000
2026-04-23 19:54:03,969 - german | paper | SMOTE:False | Focal:False | Fold 10 Acc: 0.7700
2026-04-23 19:54:04,899 - german | paper | SMOTE:True | Focal:False | Fold 1 Acc: 0.6500
2026-04-23 19:54:05,661 - german | paper | SMOTE:True | Focal:False | Fold 2 Acc: 0.7100
2026-04-23 19:54:06,393 - german | paper | SMOTE:True | Focal:False | Fold 3 Acc: 0.5900
2026-04-23 19:54:07,179 - german | paper | SMOTE:True | Focal:False | Fold 4 Acc: 0.6700
2026-04-23 19:54:07,867 - german | paper | SMOTE:True | Focal:False | Fold 5 Acc: 0.6800
2026-04-23 19:54:08,610 - german | paper | SMOTE:True | Focal:False | Fold 6 Acc: 0.6200
2026-04-23 19:54:09,406 - german | paper | SMOTE:True | Focal:False | Fold 7 Acc: 0.6700
2026-04-23 19:54:10,522 - german | paper | SMOTE:True | Focal:False | Fold 8 Acc: 0.6900
2026-04-23 19:54:11,538 - german | paper | SMOTE:True | Focal:False | Fold 9 Acc: 0.6800
2026-04-23 19:54:12,679 - german | paper | SMOTE:True | Focal:False | Fold 10 Acc: 0.7000
2026-04-23 19:54:14,713 - german | attn | SMOTE:False | Focal:True | Fold 1 Acc: 0.7500
2026-04-23 19:54:16,445 - german | attn | SMOTE:False | Focal:True | Fold 2 Acc: 0.8300
2026-04-23 19:54:17,676 - german | attn | SMOTE:False | Focal:True | Fold 3 Acc: 0.7800
2026-04-23 19:54:19,127 - german | attn | SMOTE:False | Focal:True | Fold 4 Acc: 0.7500
2026-04-23 19:54:20,578 - german | attn | SMOTE:False | Focal:True | Fold 5 Acc: 0.8100
2026-04-23 19:54:21,800 - german | attn | SMOTE:False | Focal:True | Fold 6 Acc: 0.6800
2026-04-23 19:54:22,923 - german | attn | SMOTE:False | Focal:True | Fold 7 Acc: 0.7900
2026-04-23 19:54:24,170 - german | attn | SMOTE:False | Focal:True | Fold 8 Acc: 0.7800
2026-04-23 19:54:25,432 - german | attn | SMOTE:False | Focal:True | Fold 9 Acc: 0.8100
2026-04-23 19:54:26,667 - german | attn | SMOTE:False | Focal:True | Fold 10 Acc: 0.7700
2026-04-23 19:54:27,501 - australian | paper | SMOTE:False | Focal:False | Fold 1 Acc: 0.8986
2026-04-23 19:54:28,253 - australian | paper | SMOTE:False | Focal:False | Fold 2 Acc: 0.8551
2026-04-23 19:54:28,979 - australian | paper | SMOTE:False | Focal:False | Fold 3 Acc: 0.9130
2026-04-23 19:54:29,945 - australian | paper | SMOTE:False | Focal:False | Fold 4 Acc: 0.7971
2026-04-23 19:54:30,665 - australian | paper | SMOTE:False | Focal:False | Fold 5 Acc: 0.8696
2026-04-23 19:54:31,642 - australian | paper | SMOTE:False | Focal:False | Fold 6 Acc: 0.8696
2026-04-23 19:54:32,267 - australian | paper | SMOTE:False | Focal:False | Fold 7 Acc: 0.7536
2026-04-23 19:54:33,002 - australian | paper | SMOTE:False | Focal:False | Fold 8 Acc: 0.8261
2026-04-23 19:54:33,627 - australian | paper | SMOTE:False | Focal:False | Fold 9 Acc: 0.8261
2026-04-23 19:54:34,298 - australian | paper | SMOTE:False | Focal:False | Fold 10 Acc: 0.8986
2026-04-23 19:54:34,748 - australian | paper | SMOTE:True | Focal:False | Fold 1 Acc: 0.8551
2026-04-23 19:54:35,308 - australian | paper | SMOTE:True | Focal:False | Fold 2 Acc: 0.7536
2026-04-23 19:54:35,772 - australian | paper | SMOTE:True | Focal:False | Fold 3 Acc: 0.9275
2026-04-23 19:54:36,388 - australian | paper | SMOTE:True | Focal:False | Fold 4 Acc: 0.7826
2026-04-23 19:54:36,859 - australian | paper | SMOTE:True | Focal:False | Fold 5 Acc: 0.8551
2026-04-23 19:54:37,389 - australian | paper | SMOTE:True | Focal:False | Fold 6 Acc: 0.8841
2026-04-23 19:54:37,931 - australian | paper | SMOTE:True | Focal:False | Fold 7 Acc: 0.7391
2026-04-23 19:54:38,395 - australian | paper | SMOTE:True | Focal:False | Fold 8 Acc: 0.8406
2026-04-23 19:54:38,911 - australian | paper | SMOTE:True | Focal:False | Fold 9 Acc: 0.8261
2026-04-23 19:54:39,376 - australian | paper | SMOTE:True | Focal:False | Fold 10 Acc: 0.8986
2026-04-23 19:54:40,085 - australian | attn | SMOTE:False | Focal:True | Fold 1 Acc: 0.8986
2026-04-23 19:54:40,896 - australian | attn | SMOTE:False | Focal:True | Fold 2 Acc: 0.8841
2026-04-23 19:54:41,977 - australian | attn | SMOTE:False | Focal:True | Fold 3 Acc: 0.9130
2026-04-23 19:54:42,969 - australian | attn | SMOTE:False | Focal:True | Fold 4 Acc: 0.8116
2026-04-23 19:54:44,155 - australian | attn | SMOTE:False | Focal:True | Fold 5 Acc: 0.8696
2026-04-23 19:54:45,191 - australian | attn | SMOTE:False | Focal:True | Fold 6 Acc: 0.8841
2026-04-23 19:54:45,997 - australian | attn | SMOTE:False | Focal:True | Fold 7 Acc: 0.7971
2026-04-23 19:54:46,656 - australian | attn | SMOTE:False | Focal:True | Fold 8 Acc: 0.8406
2026-04-23 19:54:47,393 - australian | attn | SMOTE:False | Focal:True | Fold 9 Acc: 0.8116
2026-04-23 19:54:48,078 - australian | attn | SMOTE:False | Focal:True | Fold 10 Acc: 0.9420
2026-04-23 19:55:10,185 - taiwan | paper | SMOTE:False | Focal:False | Fold 1 Acc: 0.8208
2026-04-23 19:55:30,378 - taiwan | paper | SMOTE:False | Focal:False | Fold 2 Acc: 0.8138
2026-04-23 19:55:50,589 - taiwan | paper | SMOTE:False | Focal:False | Fold 3 Acc: 0.8148
2026-04-23 19:56:11,983 - taiwan | paper | SMOTE:False | Focal:False | Fold 4 Acc: 0.8225
2026-04-23 19:56:33,619 - taiwan | paper | SMOTE:False | Focal:False | Fold 5 Acc: 0.8153
2026-04-23 19:57:04,223 - taiwan | paper | SMOTE:True | Focal:False | Fold 1 Acc: 0.6927
2026-04-23 19:57:31,646 - taiwan | paper | SMOTE:True | Focal:False | Fold 2 Acc: 0.6627
2026-04-23 19:57:55,887 - taiwan | paper | SMOTE:True | Focal:False | Fold 3 Acc: 0.6567
2026-04-23 19:58:25,025 - taiwan | paper | SMOTE:True | Focal:False | Fold 4 Acc: 0.6513
2026-04-23 19:58:49,995 - taiwan | paper | SMOTE:True | Focal:False | Fold 5 Acc: 0.6730
2026-04-23 19:59:18,613 - taiwan | attn | SMOTE:False | Focal:True | Fold 1 Acc: 0.8207
2026-04-23 19:59:43,376 - taiwan | attn | SMOTE:False | Focal:True | Fold 2 Acc: 0.8128
2026-04-23 20:00:06,698 - taiwan | attn | SMOTE:False | Focal:True | Fold 3 Acc: 0.8142
2026-04-23 20:00:33,299 - taiwan | attn | SMOTE:False | Focal:True | Fold 4 Acc: 0.8257
2026-04-23 20:00:58,398 - taiwan | attn | SMOTE:False | Focal:True | Fold 5 Acc: 0.8182
2026-04-23 20:02:56,061 - german | paper | SMOTE:False | Focal:False | Fold 1 Acc: 0.7600
2026-04-23 20:02:56,976 - german | paper | SMOTE:False | Focal:False | Fold 2 Acc: 0.8300
2026-04-23 20:02:58,054 - german | paper | SMOTE:False | Focal:False | Fold 3 Acc: 0.7500
2026-04-23 20:02:58,957 - german | paper | SMOTE:False | Focal:False | Fold 4 Acc: 0.7500
2026-04-23 20:02:59,816 - german | paper | SMOTE:False | Focal:False | Fold 5 Acc: 0.7800
2026-04-23 20:03:00,560 - german | paper | SMOTE:False | Focal:False | Fold 6 Acc: 0.7200
2026-04-23 20:03:01,252 - german | paper | SMOTE:False | Focal:False | Fold 7 Acc: 0.7600
2026-04-23 20:03:01,902 - german | paper | SMOTE:False | Focal:False | Fold 8 Acc: 0.7900
2026-04-23 20:03:02,875 - german | paper | SMOTE:False | Focal:False | Fold 9 Acc: 0.8000
2026-04-23 20:03:03,597 - german | paper | SMOTE:False | Focal:False | Fold 10 Acc: 0.7700
2026-04-23 20:03:04,437 - german | paper | SMOTE:True | Focal:False | Fold 1 Acc: 0.6500
2026-04-23 20:03:05,031 - german | paper | SMOTE:True | Focal:False | Fold 2 Acc: 0.7100
2026-04-23 20:03:05,634 - german | paper | SMOTE:True | Focal:False | Fold 3 Acc: 0.5900
2026-04-23 20:03:06,581 - german | paper | SMOTE:True | Focal:False | Fold 4 Acc: 0.6700
2026-04-23 20:03:07,356 - german | paper | SMOTE:True | Focal:False | Fold 5 Acc: 0.6800
2026-04-23 20:03:08,153 - german | paper | SMOTE:True | Focal:False | Fold 6 Acc: 0.6200
2026-04-23 20:03:08,874 - german | paper | SMOTE:True | Focal:False | Fold 7 Acc: 0.6700
2026-04-23 20:03:09,784 - german | paper | SMOTE:True | Focal:False | Fold 8 Acc: 0.6900
2026-04-23 20:03:10,581 - german | paper | SMOTE:True | Focal:False | Fold 9 Acc: 0.6800
2026-04-23 20:03:11,303 - german | paper | SMOTE:True | Focal:False | Fold 10 Acc: 0.7000
2026-04-23 20:03:12,688 - german | attn | SMOTE:False | Focal:True | Fold 1 Acc: 0.7500
2026-04-23 20:03:14,047 - german | attn | SMOTE:False | Focal:True | Fold 2 Acc: 0.8300
2026-04-23 20:03:15,166 - german | attn | SMOTE:False | Focal:True | Fold 3 Acc: 0.7800
2026-04-23 20:03:16,695 - german | attn | SMOTE:False | Focal:True | Fold 4 Acc: 0.7500
2026-04-23 20:03:17,995 - german | attn | SMOTE:False | Focal:True | Fold 5 Acc: 0.8100
2026-04-23 20:03:19,397 - german | attn | SMOTE:False | Focal:True | Fold 6 Acc: 0.6800
2026-04-23 20:03:20,425 - german | attn | SMOTE:False | Focal:True | Fold 7 Acc: 0.7900
2026-04-23 20:03:21,717 - german | attn | SMOTE:False | Focal:True | Fold 8 Acc: 0.7800
2026-04-23 20:03:22,725 - german | attn | SMOTE:False | Focal:True | Fold 9 Acc: 0.8100
2026-04-23 20:03:24,195 - german | attn | SMOTE:False | Focal:True | Fold 10 Acc: 0.7700
2026-04-23 20:03:25,187 - australian | paper | SMOTE:False | Focal:False | Fold 1 Acc: 0.8986
2026-04-23 20:03:25,885 - australian | paper | SMOTE:False | Focal:False | Fold 2 Acc: 0.8551
2026-04-23 20:03:26,840 - australian | paper | SMOTE:False | Focal:False | Fold 3 Acc: 0.9130
2026-04-23 20:03:27,725 - australian | paper | SMOTE:False | Focal:False | Fold 4 Acc: 0.7971
2026-04-23 20:03:28,494 - australian | paper | SMOTE:False | Focal:False | Fold 5 Acc: 0.8696
2026-04-23 20:03:29,356 - australian | paper | SMOTE:False | Focal:False | Fold 6 Acc: 0.8696
2026-04-23 20:03:30,039 - australian | paper | SMOTE:False | Focal:False | Fold 7 Acc: 0.7536
2026-04-23 20:03:30,704 - australian | paper | SMOTE:False | Focal:False | Fold 8 Acc: 0.8261
2026-04-23 20:03:31,334 - australian | paper | SMOTE:False | Focal:False | Fold 9 Acc: 0.8261
2026-04-23 20:03:31,884 - australian | paper | SMOTE:False | Focal:False | Fold 10 Acc: 0.8986
2026-04-23 20:03:32,284 - australian | paper | SMOTE:True | Focal:False | Fold 1 Acc: 0.8551
2026-04-23 20:03:32,655 - australian | paper | SMOTE:True | Focal:False | Fold 2 Acc: 0.7536
2026-04-23 20:03:33,004 - australian | paper | SMOTE:True | Focal:False | Fold 3 Acc: 0.9275
2026-04-23 20:03:33,426 - australian | paper | SMOTE:True | Focal:False | Fold 4 Acc: 0.7826
2026-04-23 20:03:33,812 - australian | paper | SMOTE:True | Focal:False | Fold 5 Acc: 0.8551
2026-04-23 20:03:34,211 - australian | paper | SMOTE:True | Focal:False | Fold 6 Acc: 0.8841
2026-04-23 20:03:34,665 - australian | paper | SMOTE:True | Focal:False | Fold 7 Acc: 0.7391
2026-04-23 20:03:35,015 - australian | paper | SMOTE:True | Focal:False | Fold 8 Acc: 0.8406
2026-04-23 20:03:35,529 - australian | paper | SMOTE:True | Focal:False | Fold 9 Acc: 0.8261
2026-04-23 20:03:35,884 - australian | paper | SMOTE:True | Focal:False | Fold 10 Acc: 0.8986
2026-04-23 20:03:36,512 - australian | attn | SMOTE:False | Focal:True | Fold 1 Acc: 0.8986
2026-04-23 20:03:37,057 - australian | attn | SMOTE:False | Focal:True | Fold 2 Acc: 0.8841
2026-04-23 20:03:37,747 - australian | attn | SMOTE:False | Focal:True | Fold 3 Acc: 0.9130
2026-04-23 20:03:38,350 - australian | attn | SMOTE:False | Focal:True | Fold 4 Acc: 0.8116
2026-04-23 20:03:38,937 - australian | attn | SMOTE:False | Focal:True | Fold 5 Acc: 0.8696
2026-04-23 20:03:39,685 - australian | attn | SMOTE:False | Focal:True | Fold 6 Acc: 0.8841
2026-04-23 20:03:40,863 - australian | attn | SMOTE:False | Focal:True | Fold 7 Acc: 0.7971
2026-04-23 20:03:41,907 - australian | attn | SMOTE:False | Focal:True | Fold 8 Acc: 0.8406
2026-04-23 20:03:42,786 - australian | attn | SMOTE:False | Focal:True | Fold 9 Acc: 0.8116
2026-04-23 20:03:43,598 - australian | attn | SMOTE:False | Focal:True | Fold 10 Acc: 0.9420
2026-04-23 20:04:04,387 - taiwan | paper | SMOTE:False | Focal:False | Fold 1 Acc: 0.8208
2026-04-23 20:04:24,400 - taiwan | paper | SMOTE:False | Focal:False | Fold 2 Acc: 0.8138
2026-04-23 20:04:44,651 - taiwan | paper | SMOTE:False | Focal:False | Fold 3 Acc: 0.8148
2026-04-23 20:05:05,678 - taiwan | paper | SMOTE:False | Focal:False | Fold 4 Acc: 0.8225
2026-04-23 20:05:24,806 - taiwan | paper | SMOTE:False | Focal:False | Fold 5 Acc: 0.8153
2026-04-23 20:05:44,547 - taiwan | paper | SMOTE:True | Focal:False | Fold 1 Acc: 0.6927
2026-04-23 20:06:05,785 - taiwan | paper | SMOTE:True | Focal:False | Fold 2 Acc: 0.6627
2026-04-23 20:06:28,727 - taiwan | paper | SMOTE:True | Focal:False | Fold 3 Acc: 0.6567
2026-04-23 20:06:50,300 - taiwan | paper | SMOTE:True | Focal:False | Fold 4 Acc: 0.6513
2026-04-23 20:07:13,114 - taiwan | paper | SMOTE:True | Focal:False | Fold 5 Acc: 0.6730
2026-04-23 20:07:36,530 - taiwan | attn | SMOTE:False | Focal:True | Fold 1 Acc: 0.8207
2026-04-23 20:08:00,912 - taiwan | attn | SMOTE:False | Focal:True | Fold 2 Acc: 0.8128
2026-04-23 20:08:23,522 - taiwan | attn | SMOTE:False | Focal:True | Fold 3 Acc: 0.8142
2026-04-23 20:08:46,095 - taiwan | attn | SMOTE:False | Focal:True | Fold 4 Acc: 0.8257
2026-04-23 20:09:09,472 - taiwan | attn | SMOTE:False | Focal:True | Fold 5 Acc: 0.8182
2026-04-23 20:09:11,928 - SHAP failed for german: The shape of the shap_values matrix does not match the shape of the provided data matrix.
2026-04-23 20:09:14,459 - SHAP failed for australian: The shape of the shap_values matrix does not match the shape of the provided data matrix.
2026-04-23 20:09:17,062 - SHAP failed for taiwan: The shape of the shap_values matrix does not match the shape of the provided data matrix.
2026-04-23 23:38:57,143 - german | paper | SMOTE:False | Focal:False | Fold 1 Acc: 0.7600
2026-04-23 23:38:58,310 - german | paper | SMOTE:False | Focal:False | Fold 2 Acc: 0.8300
2026-04-23 23:38:59,316 - german | paper | SMOTE:False | Focal:False | Fold 3 Acc: 0.7500
2026-04-23 23:39:00,502 - german | paper | SMOTE:False | Focal:False | Fold 4 Acc: 0.7500
2026-04-23 23:39:01,654 - german | paper | SMOTE:False | Focal:False | Fold 5 Acc: 0.7800
2026-04-23 23:39:02,889 - german | paper | SMOTE:False | Focal:False | Fold 6 Acc: 0.7200
2026-04-23 23:39:03,767 - german | paper | SMOTE:False | Focal:False | Fold 7 Acc: 0.7600
2026-04-23 23:39:04,528 - german | paper | SMOTE:False | Focal:False | Fold 8 Acc: 0.7900
2026-04-23 23:39:05,259 - german | paper | SMOTE:False | Focal:False | Fold 9 Acc: 0.8000
2026-04-23 23:39:05,951 - german | paper | SMOTE:False | Focal:False | Fold 10 Acc: 0.7700
2026-04-23 23:39:06,644 - german | paper | SMOTE:True | Focal:False | Fold 1 Acc: 0.6500
2026-04-23 23:39:07,466 - german | paper | SMOTE:True | Focal:False | Fold 2 Acc: 0.7100
2026-04-23 23:39:08,258 - german | paper | SMOTE:True | Focal:False | Fold 3 Acc: 0.5900
2026-04-23 23:39:09,059 - german | paper | SMOTE:True | Focal:False | Fold 4 Acc: 0.6700
2026-04-23 23:39:09,753 - german | paper | SMOTE:True | Focal:False | Fold 5 Acc: 0.6800
2026-04-23 23:39:10,650 - german | paper | SMOTE:True | Focal:False | Fold 6 Acc: 0.6200
2026-04-23 23:39:11,841 - german | paper | SMOTE:True | Focal:False | Fold 7 Acc: 0.6700
2026-04-23 23:39:12,650 - german | paper | SMOTE:True | Focal:False | Fold 8 Acc: 0.6900
2026-04-23 23:39:13,404 - german | paper | SMOTE:True | Focal:False | Fold 9 Acc: 0.6800
2026-04-23 23:39:14,155 - german | paper | SMOTE:True | Focal:False | Fold 10 Acc: 0.7000
2026-04-23 23:39:15,182 - german | attn | SMOTE:False | Focal:True | Fold 1 Acc: 0.7500
2026-04-23 23:39:16,110 - german | attn | SMOTE:False | Focal:True | Fold 2 Acc: 0.8300
2026-04-23 23:39:17,133 - german | attn | SMOTE:False | Focal:True | Fold 3 Acc: 0.7800
2026-04-23 23:39:18,432 - german | attn | SMOTE:False | Focal:True | Fold 4 Acc: 0.7500
2026-04-23 23:39:19,541 - german | attn | SMOTE:False | Focal:True | Fold 5 Acc: 0.8100
2026-04-23 23:39:20,658 - german | attn | SMOTE:False | Focal:True | Fold 6 Acc: 0.6800
2026-04-23 23:39:21,786 - german | attn | SMOTE:False | Focal:True | Fold 7 Acc: 0.7900
2026-04-23 23:39:22,961 - german | attn | SMOTE:False | Focal:True | Fold 8 Acc: 0.7800
2026-04-23 23:39:24,106 - german | attn | SMOTE:False | Focal:True | Fold 9 Acc: 0.8100
2026-04-23 23:39:25,073 - german | attn | SMOTE:False | Focal:True | Fold 10 Acc: 0.7700
2026-04-23 23:39:25,639 - australian | paper | SMOTE:False | Focal:False | Fold 1 Acc: 0.8986
2026-04-23 23:39:26,160 - australian | paper | SMOTE:False | Focal:False | Fold 2 Acc: 0.8551
2026-04-23 23:39:26,754 - australian | paper | SMOTE:False | Focal:False | Fold 3 Acc: 0.9130
2026-04-23 23:39:27,342 - australian | paper | SMOTE:False | Focal:False | Fold 4 Acc: 0.7971
2026-04-23 23:39:27,818 - australian | paper | SMOTE:False | Focal:False | Fold 5 Acc: 0.8696
2026-04-23 23:39:28,339 - australian | paper | SMOTE:False | Focal:False | Fold 6 Acc: 0.8696
2026-04-23 23:39:28,827 - australian | paper | SMOTE:False | Focal:False | Fold 7 Acc: 0.7536
2026-04-23 23:39:29,462 - australian | paper | SMOTE:False | Focal:False | Fold 8 Acc: 0.8261
2026-04-23 23:39:30,045 - australian | paper | SMOTE:False | Focal:False | Fold 9 Acc: 0.8261
2026-04-23 23:39:30,577 - australian | paper | SMOTE:False | Focal:False | Fold 10 Acc: 0.8986
2026-04-23 23:39:30,991 - australian | paper | SMOTE:True | Focal:False | Fold 1 Acc: 0.8551
2026-04-23 23:39:31,422 - australian | paper | SMOTE:True | Focal:False | Fold 2 Acc: 0.7536
2026-04-23 23:39:31,930 - australian | paper | SMOTE:True | Focal:False | Fold 3 Acc: 0.9275
2026-04-23 23:39:32,322 - australian | paper | SMOTE:True | Focal:False | Fold 4 Acc: 0.7826
2026-04-23 23:39:32,733 - australian | paper | SMOTE:True | Focal:False | Fold 5 Acc: 0.8551
2026-04-23 23:39:33,192 - australian | paper | SMOTE:True | Focal:False | Fold 6 Acc: 0.8841
2026-04-23 23:39:33,628 - australian | paper | SMOTE:True | Focal:False | Fold 7 Acc: 0.7391
2026-04-23 23:39:34,096 - australian | paper | SMOTE:True | Focal:False | Fold 8 Acc: 0.8406
2026-04-23 23:39:34,493 - australian | paper | SMOTE:True | Focal:False | Fold 9 Acc: 0.8261
2026-04-23 23:39:35,198 - australian | paper | SMOTE:True | Focal:False | Fold 10 Acc: 0.8986
2026-04-23 23:39:35,892 - australian | attn | SMOTE:False | Focal:True | Fold 1 Acc: 0.8986
2026-04-23 23:39:36,506 - australian | attn | SMOTE:False | Focal:True | Fold 2 Acc: 0.8841
2026-04-23 23:39:37,276 - australian | attn | SMOTE:False | Focal:True | Fold 3 Acc: 0.9130
2026-04-23 23:39:37,972 - australian | attn | SMOTE:False | Focal:True | Fold 4 Acc: 0.8116
2026-04-23 23:39:38,617 - australian | attn | SMOTE:False | Focal:True | Fold 5 Acc: 0.8696
2026-04-23 23:39:39,241 - australian | attn | SMOTE:False | Focal:True | Fold 6 Acc: 0.8841
2026-04-23 23:39:39,946 - australian | attn | SMOTE:False | Focal:True | Fold 7 Acc: 0.7971
2026-04-23 23:39:40,661 - australian | attn | SMOTE:False | Focal:True | Fold 8 Acc: 0.8406
2026-04-23 23:39:41,282 - australian | attn | SMOTE:False | Focal:True | Fold 9 Acc: 0.8116
2026-04-23 23:39:41,973 - australian | attn | SMOTE:False | Focal:True | Fold 10 Acc: 0.9420
2026-04-23 23:40:01,722 - taiwan | paper | SMOTE:False | Focal:False | Fold 1 Acc: 0.8208
2026-04-23 23:40:22,057 - taiwan | paper | SMOTE:False | Focal:False | Fold 2 Acc: 0.8138
2026-04-23 23:40:43,193 - taiwan | paper | SMOTE:False | Focal:False | Fold 3 Acc: 0.8148
2026-04-23 23:41:04,694 - taiwan | paper | SMOTE:False | Focal:False | Fold 4 Acc: 0.8225
2026-04-23 23:41:26,200 - taiwan | paper | SMOTE:False | Focal:False | Fold 5 Acc: 0.8153
2026-04-23 23:41:52,756 - taiwan | paper | SMOTE:True | Focal:False | Fold 1 Acc: 0.6927
2026-04-23 23:42:28,070 - taiwan | paper | SMOTE:True | Focal:False | Fold 2 Acc: 0.6627
2026-04-23 23:43:02,249 - taiwan | paper | SMOTE:True | Focal:False | Fold 3 Acc: 0.6567
2026-04-23 23:43:34,273 - taiwan | paper | SMOTE:True | Focal:False | Fold 4 Acc: 0.6513
2026-04-23 23:44:12,216 - taiwan | paper | SMOTE:True | Focal:False | Fold 5 Acc: 0.6730
2026-04-23 23:44:49,629 - taiwan | attn | SMOTE:False | Focal:True | Fold 1 Acc: 0.8207
2026-04-23 23:45:27,135 - taiwan | attn | SMOTE:False | Focal:True | Fold 2 Acc: 0.8128
2026-04-23 23:46:09,318 - taiwan | attn | SMOTE:False | Focal:True | Fold 3 Acc: 0.8142
2026-04-23 23:46:49,364 - taiwan | attn | SMOTE:False | Focal:True | Fold 4 Acc: 0.8257
2026-04-23 23:47:26,128 - taiwan | attn | SMOTE:False | Focal:True | Fold 5 Acc: 0.8182
2026-04-23 23:47:31,159 - SHAP failed for german: The shape of the shap_values matrix does not match the shape of the provided data matrix.
2026-04-23 23:47:35,520 - SHAP failed for australian: The shape of the shap_values matrix does not match the shape of the provided data matrix.
2026-04-23 23:47:41,440 - SHAP failed for taiwan: The shape of the shap_values matrix does not match the shape of the provided data matrix.
